c:\myprojects\rishikeshrtrassignments\windows\oglwindow\oglwindow.cpp\debug\vc142.pdb
c:\myprojects\rishikeshrtrassignments\windows\oglwindow\oglwindow.cpp\debug\vc142.idb
c:\myprojects\rishikeshrtrassignments\windows\oglwindow\oglwindow.cpp\debug\oglwindow.obj
c:\users\meet2\source\repos\oglwindow\oglwindow.cpp\debug\oglwindow.cpp.exe
c:\users\meet2\source\repos\oglwindow\oglwindow.cpp\debug\oglwindow.cpp.ilk
c:\users\meet2\source\repos\oglwindow\oglwindow.cpp\debug\oglwindow.cpp.pdb
c:\myprojects\rishikeshrtrassignments\windows\oglwindow\oglwindow.cpp\debug\oglwindow.res
c:\myprojects\rishikeshrtrassignments\windows\oglwindow\oglwindow.cpp\debug\oglwindow.cpp.ilk
c:\myprojects\rishikeshrtrassignments\windows\oglwindow\oglwindow.cpp\debug\nativecodeanalysis.read.1.tlog
c:\myprojects\rishikeshrtrassignments\windows\oglwindow\oglwindow.cpp\debug\oglwindow.nativecodeanalysis.xml
c:\myprojects\rishikeshrtrassignments\windows\oglwindow\oglwindow.cpp\debug\vc.nativecodeanalysis.all.xml
c:\myprojects\rishikeshrtrassignments\windows\oglwindow\oglwindow.cpp\debug\oglwindow.cpp.exe
c:\myprojects\rishikeshrtrassignments\windows\oglwindow\oglwindow.cpp\debug\oglwindow.cpp.tlog\cl.command.1.tlog
c:\myprojects\rishikeshrtrassignments\windows\oglwindow\oglwindow.cpp\debug\oglwindow.cpp.tlog\cl.read.1.tlog
c:\myprojects\rishikeshrtrassignments\windows\oglwindow\oglwindow.cpp\debug\oglwindow.cpp.tlog\cl.write.1.tlog
c:\myprojects\rishikeshrtrassignments\windows\oglwindow\oglwindow.cpp\debug\oglwindow.cpp.tlog\link.command.1.tlog
c:\myprojects\rishikeshrtrassignments\windows\oglwindow\oglwindow.cpp\debug\oglwindow.cpp.tlog\link.read.1.tlog
c:\myprojects\rishikeshrtrassignments\windows\oglwindow\oglwindow.cpp\debug\oglwindow.cpp.tlog\link.write.1.tlog
c:\myprojects\rishikeshrtrassignments\windows\oglwindow\oglwindow.cpp\debug\oglwindow.cpp.tlog\rc.command.1.tlog
c:\myprojects\rishikeshrtrassignments\windows\oglwindow\oglwindow.cpp\debug\oglwindow.cpp.tlog\rc.read.1.tlog
c:\myprojects\rishikeshrtrassignments\windows\oglwindow\oglwindow.cpp\debug\oglwindow.cpp.tlog\rc.write.1.tlog
